2017-09-03 19:52:48,247 - voting - INFO - A record was successfully added: {'username': 'Mrs.Lam', 'value': 2}
2017-09-03 19:52:48,254 - voting - INFO - Response sent
2017-09-03 19:53:01,199 - voting - INFO - A record was successfully added: {'username': 'Mrs.Lam', 'value': 2}
2017-09-03 19:53:01,203 - voting - INFO - Response sent
2017-09-03 19:53:32,472 - voting - INFO - A record was successfully added: {'username': 'Mrs.Lam', 'value': 2}
2017-09-03 19:53:32,478 - voting - INFO - Response sent
2017-09-03 19:53:42,423 - voting - INFO - A record was successfully added: {'username': 'Mr.Judge', 'value': 3}
2017-09-03 19:53:42,427 - voting - INFO - Response sent
2017-09-03 19:53:59,098 - voting - INFO - A record was successfully added: {'username': 'Mr.Judge', 'value': 3}
2017-09-03 19:53:59,102 - voting - INFO - Response sent
2017-09-03 19:54:42,271 - voting - INFO - A record was successfully added: {'username': 'Mr.Potato', 'value': 1}
2017-09-03 19:54:42,284 - voting - INFO - Response sent
2017-09-03 19:55:21,538 - voting - INFO - A record was successfully added: {'username': 'Mrs.Lam', 'value': 2}
2017-09-03 19:55:21,541 - voting - INFO - Response sent
2017-09-03 19:56:32,979 - voting - INFO - A record was successfully added: {'username': 'Mr.Judge', 'value': 3}
2017-09-03 19:56:32,985 - voting - INFO - Response sent
2017-09-03 19:56:38,884 - voting - INFO - A record was successfully added: {'username': 'Mrs.Lam', 'value': 2}
2017-09-03 19:56:38,886 - voting - INFO - Response sent
2017-09-03 19:57:42,214 - voting - INFO - A record was successfully added: {'username': 'Mr.Potato', 'value': 1}
2017-09-03 19:57:42,220 - voting - INFO - Response sent
2017-09-03 19:58:29,942 - voting - INFO - A record was successfully added: {'username': 'Mr.Judge', 'value': 3}
2017-09-03 19:58:29,949 - voting - INFO - Response sent
2017-09-03 19:59:11,931 - voting - INFO - A record was successfully added: {'username': 'Mrs.Lam', 'value': 2}
2017-09-03 19:59:11,936 - voting - INFO - Response sent
2017-09-03 20:00:16,151 - voting - INFO - A record was successfully added: {'username': 'Mr.Judge', 'value': 3}
2017-09-03 20:00:16,158 - voting - INFO - Response sent
2017-09-03 20:02:32,305 - voting - INFO - A record was successfully added: {'username': 'Mr.Judge', 'value': 3}
2017-09-03 20:02:32,309 - voting - INFO - Response sent
2017-09-03 20:02:57,461 - voting - INFO - A record was successfully added: {'username': 'Mr.Judge', 'value': 3}
2017-09-03 20:02:57,482 - voting - INFO - Response sent
2017-09-03 20:03:52,456 - voting - INFO - A record was successfully added: {'username': 'Mr.Judge', 'value': 3}
2017-09-03 20:03:52,460 - voting - INFO - Response sent
2017-09-03 20:03:52,473 - voting - INFO - A record was successfully added: {'username': 'Mr.Judge', 'value': 3}
2017-09-03 20:03:52,476 - voting - INFO - Response sent
2017-09-03 20:05:30,804 - voting - INFO - A record was successfully added: {'username': 'Mr.Judge', 'value': 3}
2017-09-03 20:05:30,811 - voting - INFO - Response sent
2017-09-03 20:07:21,110 - voting - INFO - A record was successfully added: {'username': 'Mr.Judge', 'value': 3}
2017-09-03 20:07:21,120 - voting - INFO - Response sent
2017-09-03 20:07:44,666 - voting - INFO - A record was successfully added: {'username': 'Mr.Judge', 'value': 3}
2017-09-03 20:07:44,672 - voting - INFO - Response sent
2017-09-03 20:09:37,722 - voting - INFO - A record was successfully added: {'username': 'Mrs.Lam', 'value': 2}
2017-09-03 20:09:37,729 - voting - INFO - Response sent
2017-09-03 20:09:53,748 - voting - INFO - A record was successfully added: {'username': 'Mrs.Lam', 'value': 2}
2017-09-03 20:09:53,758 - voting - INFO - Response sent
2017-09-03 20:11:45,209 - voting - INFO - A record was successfully added: {'username': 'Mrs.Lam', 'value': 2}
2017-09-03 20:11:45,217 - voting - INFO - Response sent
2017-09-03 20:12:13,460 - voting - INFO - A record was successfully added: {'username': 'Mrs.Lam', 'value': 2}
2017-09-03 20:12:13,470 - voting - INFO - Response sent
2017-09-03 20:12:18,908 - voting - INFO - A record was successfully added: {'username': 'Mrs.Lam', 'value': 2}
2017-09-03 20:12:18,910 - voting - INFO - Response sent
2017-09-03 20:12:21,400 - voting - INFO - A record was successfully added: {'username': 'Mrs.Lam', 'value': 2}
2017-09-03 20:12:21,402 - voting - INFO - Response sent
2017-09-03 20:12:28,230 - voting - INFO - A record was successfully added: {'username': 'Mr.Judge', 'value': 3}
2017-09-03 20:12:28,233 - voting - INFO - Response sent
2017-09-03 20:12:31,343 - voting - INFO - A record was successfully added: {'username': 'Mrs.Lam', 'value': 2}
2017-09-03 20:12:31,345 - voting - INFO - Response sent
2017-09-03 20:13:24,291 - voting - INFO - A record was successfully added: {'username': 'Mrs.Lam', 'value': 2}
2017-09-03 20:13:24,298 - voting - INFO - Response sent
2017-09-03 20:14:34,640 - voting - INFO - A record was successfully added: {'username': 'Mrs.Lam', 'value': 2}
2017-09-03 20:15:07,579 - voting - INFO - A record was successfully added: {'username': 'Mrs.Lam', 'value': 2}
2017-09-03 20:15:07,589 - voting - INFO - Response sent
2017-09-03 20:15:27,642 - voting - INFO - A record was successfully added: {'username': 'Mrs.Lam', 'value': 2}
2017-09-03 20:15:27,652 - voting - INFO - Response sent
2017-09-03 20:16:20,833 - voting - INFO - A record was successfully added: {'username': 'Mrs.Lam', 'value': 2}
2017-09-03 20:16:20,839 - voting - INFO - Response sent
2017-09-03 20:17:13,383 - voting - INFO - A record was successfully added: {'username': 'Mr.Judge', 'value': 3}
2017-09-03 20:17:13,391 - voting - INFO - Response sent
2017-09-03 20:17:35,990 - voting - INFO - A record was successfully added: {'username': 'Mrs.Lam', 'value': 2}
2017-09-03 20:17:36,007 - voting - INFO - Response sent
2017-09-03 20:17:54,901 - voting - INFO - A record was successfully added: {'username': 'Mrs.Lam', 'value': 2}
2017-09-03 20:17:54,914 - voting - INFO - Response sent
2017-09-03 20:18:36,159 - voting - INFO - A record was successfully added: {'username': 'Mrs.Lam', 'value': 2}
2017-09-03 20:18:36,166 - voting - INFO - Response sent
2017-09-03 20:18:53,745 - voting - INFO - A record was successfully added: {'username': 'Mrs.Lam', 'value': 2}
2017-09-03 20:18:53,757 - voting - INFO - Response sent
2017-09-03 20:19:08,288 - voting - INFO - A record was successfully added: {'username': 'Mrs.Lam', 'value': 2}
2017-09-03 20:19:08,296 - voting - INFO - Response sent
2017-09-03 20:48:43,600 - voting - INFO - A record was successfully added: {'username': 'Mrs.Lam', 'value': 2}
2017-09-03 20:48:43,614 - voting - INFO - Response sent
2017-09-03 20:49:24,754 - voting - INFO - A record was successfully added: {'username': 'Mrs.Lam', 'value': 2}
2017-09-03 20:52:48,052 - voting - INFO - A record was successfully added: {'username': 'Mr.Judge', 'value': 3}
2017-09-03 20:54:24,183 - voting - INFO - A record was successfully added: {'username': 'Mrs.Lam', 'value': 2}
2017-09-03 20:54:44,227 - voting - INFO - A record was successfully added: {'username': 'Mrs.Lam', 'value': 2}
2017-09-03 20:54:44,240 - voting - INFO - Response sent
2017-09-03 20:55:06,449 - voting - INFO - A record was successfully added: {'username': 'Mrs.Lam', 'value': 2}
2017-09-03 20:55:06,463 - voting - INFO - Response sent
2017-09-03 20:55:38,006 - voting - INFO - A record was successfully added: {'username': 'Mrs.Lam', 'value': 2}
2017-09-03 20:55:38,019 - voting - INFO - Response sent
2017-09-03 20:55:58,720 - voting - INFO - A record was successfully added: {'username': 'Mrs.Lam', 'value': 2}
2017-09-03 20:55:58,733 - voting - INFO - Response sent
2017-09-03 20:57:24,284 - voting - INFO - A record was successfully added: {'username': 'Mrs.Lam', 'value': 2}
2017-09-03 20:57:24,288 - voting - INFO - Response sent
2017-09-03 21:01:21,297 - voting - INFO - A record was successfully added: {'username': 'Mrs.Lam', 'value': 2}
2017-09-03 21:01:32,888 - voting - INFO - A record was successfully added: {'username': 'Mrs.Lam', 'value': 2}
2017-09-03 21:01:32,912 - voting - INFO - Response sent
2017-09-03 21:04:36,091 - voting - INFO - A record was successfully added: {'username': 'Mrs.Lam', 'value': 2}
2017-09-03 21:04:36,106 - voting - INFO - Response sent
2017-09-03 21:05:22,051 - voting - INFO - A record was successfully added: {'username': 'Mrs.Lam', 'value': 2}
2017-09-03 21:05:22,064 - voting - INFO - Response sent
2017-09-03 21:06:06,596 - voting - INFO - A record was successfully added: {'username': 'Mrs.Lam', 'value': 2}
2017-09-03 21:06:06,608 - voting - INFO - Response sent
2017-09-03 21:10:53,265 - voting - INFO - A record was successfully added: {'username': 'Mrs.Lam', 'value': 2}
2017-09-03 21:10:53,284 - voting - INFO - Response sent
2017-09-03 21:10:55,138 - voting - INFO - A record was successfully added: {'username': 'Mrs.Lam', 'value': 2}
2017-09-03 21:10:55,141 - voting - INFO - Response sent
2017-09-03 21:10:56,717 - voting - INFO - A record was successfully added: {'username': 'Mr.Potato', 'value': 1}
2017-09-03 21:10:56,719 - voting - INFO - Response sent
2017-09-03 21:10:58,099 - voting - INFO - A record was successfully added: {'username': 'Mr.Potato', 'value': 1}
2017-09-03 21:10:58,102 - voting - INFO - Response sent
2017-09-03 21:10:59,685 - voting - INFO - A record was successfully added: {'username': 'Mr.Judge', 'value': 3}
2017-09-03 21:10:59,687 - voting - INFO - Response sent
2017-09-03 21:11:00,791 - voting - INFO - A record was successfully added: {'username': 'Mrs.Lam', 'value': 2}
2017-09-03 21:11:00,794 - voting - INFO - Response sent
2017-09-03 21:11:02,220 - voting - INFO - A record was successfully added: {'username': 'Mrs.Lam', 'value': 2}
2017-09-03 21:11:02,226 - voting - INFO - Response sent
2017-09-03 21:11:29,573 - voting - INFO - A record was successfully added: {'username': 'Mr.Potato', 'value': 1}
2017-09-03 21:11:29,577 - voting - INFO - Response sent
2017-09-03 21:11:31,083 - voting - INFO - A record was successfully added: {'username': 'Mrs.Lam', 'value': 2}
2017-09-03 21:11:31,087 - voting - INFO - Response sent
2017-09-03 21:11:38,122 - voting - INFO - A record was successfully added: {'username': 'Mrs.Lam', 'value': 2}
2017-09-03 21:11:38,126 - voting - INFO - Response sent
2017-09-03 21:11:51,772 - voting - INFO - A record was successfully added: {'username': 'Mr.Judge', 'value': 3}
2017-09-03 21:11:51,775 - voting - INFO - Response sent
2017-09-03 21:12:02,615 - voting - INFO - A record was successfully added: {'username': 'Mrs.Lam', 'value': 2}
2017-09-03 21:12:02,619 - voting - INFO - Response sent
2017-09-03 21:12:57,318 - voting - INFO - A record was successfully added: {'username': 'Mrs.Lam', 'value': 2}
2017-09-03 21:12:57,332 - voting - INFO - Response sent
2017-09-03 21:15:11,942 - voting - INFO - A record was successfully added: {'username': 'Mrs.Lam', 'value': 2}
2017-09-03 21:15:11,957 - voting - INFO - Response sent
2017-09-03 21:15:52,041 - voting - INFO - A record was successfully added: {'username': 'Mrs.Lam', 'value': 2}
2017-09-03 21:15:52,056 - voting - INFO - Response sent
2017-09-03 21:18:02,709 - voting - INFO - A record was successfully added: {'username': 'Mrs.Lam', 'value': 2}
2017-09-03 21:18:02,731 - voting - INFO - Response sent
2017-09-03 21:24:24,651 - voting - INFO - A record was successfully added: {'username': 'Mrs.Lam', 'value': 2}
2017-09-03 21:24:39,734 - voting - INFO - A record was successfully added: {'username': 'Mrs.Lam', 'value': 2}
2017-09-03 21:24:39,758 - voting - INFO - Response sent
2017-09-03 21:24:57,245 - voting - INFO - A record was successfully added: {'username': 'Mrs.Lam', 'value': 2}
2017-09-03 21:24:57,259 - voting - INFO - Response sent
2017-09-03 21:26:02,766 - voting - INFO - A record was successfully added: {'username': 'Mrs.Lam', 'value': 2}
2017-09-03 21:26:02,779 - voting - INFO - Response sent
2017-09-03 21:26:26,187 - voting - INFO - A record was successfully added: {'username': 'Mrs.Lam', 'value': 2}
2017-09-03 21:26:26,202 - voting - INFO - Response sent
2017-09-03 21:26:27,583 - voting - INFO - A record was successfully added: {'username': 'Mr.Judge', 'value': 3}
2017-09-03 21:26:27,586 - voting - INFO - Response sent
2017-09-03 21:26:29,529 - voting - INFO - A record was successfully added: {'username': 'Mr.Potato', 'value': 1}
2017-09-03 21:26:29,532 - voting - INFO - Response sent
2017-09-03 21:26:30,909 - voting - INFO - A record was successfully added: {'username': 'Mrs.Lam', 'value': 2}
2017-09-03 21:26:30,911 - voting - INFO - Response sent
2017-09-03 21:26:32,582 - voting - INFO - A record was successfully added: {'username': 'Mrs.Lam', 'value': 2}
2017-09-03 21:26:32,586 - voting - INFO - Response sent
2017-09-03 21:26:35,828 - voting - INFO - A record was successfully added: {'username': 'Mr.Potato', 'value': 1}
2017-09-03 21:26:35,832 - voting - INFO - Response sent
2017-09-03 21:26:37,134 - voting - INFO - A record was successfully added: {'username': 'Mrs.Lam', 'value': 2}
2017-09-03 21:26:37,141 - voting - INFO - Response sent
2017-09-03 21:26:38,885 - voting - INFO - A record was successfully added: {'username': 'Mrs.Lam', 'value': 2}
2017-09-03 21:26:38,888 - voting - INFO - Response sent
2017-09-03 21:27:16,706 - voting - INFO - A record was successfully added: {'username': 'Mrs.Lam', 'value': 2}
2017-09-03 21:27:16,721 - voting - INFO - Response sent
2017-09-03 21:27:46,925 - voting - INFO - A record was successfully added: {'username': 'Mrs.Lam', 'value': 2}
2017-09-03 21:27:46,940 - voting - INFO - Response sent
2017-09-03 21:28:40,455 - voting - INFO - A record was successfully added: {'username': 'Mrs.Lam', 'value': 2}
2017-09-03 21:28:40,466 - voting - INFO - Response sent
2017-09-03 21:29:17,978 - voting - INFO - A record was successfully added: {'username': 'Mrs.Lam', 'value': 2}
2017-09-03 21:29:17,992 - voting - INFO - Response sent
2017-09-03 21:47:01,844 - voting - INFO - A record was successfully added: {'username': 'Mrs.Lam', 'value': 2}
2017-09-03 21:47:01,859 - voting - INFO - Response sent
2017-09-03 21:49:13,067 - voting - INFO - A record was successfully added: {'username': 'Mrs.Lam', 'value': 2}
2017-09-03 21:49:13,085 - voting - INFO - Response sent
2017-09-03 21:49:18,973 - voting - INFO - A record was successfully added: {'username': 'Mr.Judge', 'value': 3}
2017-09-03 21:49:18,980 - voting - INFO - Response sent
2017-09-03 21:49:20,584 - voting - INFO - A record was successfully added: {'username': 'Mr.Judge', 'value': 3}
2017-09-03 21:49:20,588 - voting - INFO - Response sent
2017-09-03 21:49:22,155 - voting - INFO - A record was successfully added: {'username': 'Mr.Potato', 'value': 1}
2017-09-03 21:49:22,158 - voting - INFO - Response sent
2017-09-03 21:49:24,933 - voting - INFO - A record was successfully added: {'username': 'Mrs.Lam', 'value': 2}
2017-09-03 21:49:24,939 - voting - INFO - Response sent
2017-09-03 21:49:27,065 - voting - INFO - A record was successfully added: {'username': 'Mr.Potato', 'value': 1}
2017-09-03 21:49:27,068 - voting - INFO - Response sent
2017-09-03 21:49:30,436 - voting - INFO - A record was successfully added: {'username': 'Mr.Potato', 'value': 1}
2017-09-03 21:49:30,439 - voting - INFO - Response sent
2017-09-03 21:49:33,170 - voting - INFO - A record was successfully added: {'username': 'Mr.Potato', 'value': 1}
2017-09-03 21:49:33,172 - voting - INFO - Response sent
2017-09-03 21:49:35,468 - voting - INFO - A record was successfully added: {'username': 'Mr.Potato', 'value': 1}
2017-09-03 21:49:35,472 - voting - INFO - Response sent
2017-09-03 21:49:37,414 - voting - INFO - A record was successfully added: {'username': 'Mr.Potato', 'value': 1}
2017-09-03 21:49:37,417 - voting - INFO - Response sent
2017-09-03 21:49:38,951 - voting - INFO - A record was successfully added: {'username': 'Mrs.Lam', 'value': 2}
2017-09-03 21:49:38,954 - voting - INFO - Response sent
2017-09-03 21:49:41,304 - voting - INFO - A record was successfully added: {'username': 'Mrs.Lam', 'value': 2}
2017-09-03 21:49:41,311 - voting - INFO - Response sent
2017-09-03 21:49:44,061 - voting - INFO - A record was successfully added: {'username': 'Mrs.Lam', 'value': 2}
2017-09-03 21:49:44,070 - voting - INFO - Response sent
2017-09-03 21:49:50,773 - voting - INFO - A record was successfully added: {'username': 'Mrs.Lam', 'value': 2}
2017-09-03 21:49:50,776 - voting - INFO - Response sent
2017-09-03 21:49:53,191 - voting - INFO - A record was successfully added: {'username': 'Mrs.Lam', 'value': 2}
2017-09-03 21:49:53,193 - voting - INFO - Response sent
2017-09-03 21:49:56,040 - voting - INFO - A record was successfully added: {'username': 'Mrs.Lam', 'value': 2}
2017-09-03 21:49:56,043 - voting - INFO - Response sent
2017-09-03 21:49:58,463 - voting - INFO - A record was successfully added: {'username': 'Mrs.Lam', 'value': 2}
2017-09-03 21:49:58,471 - voting - INFO - Response sent
2017-09-03 21:49:59,897 - voting - INFO - A record was successfully added: {'username': 'Mrs.Lam', 'value': 2}
2017-09-03 21:49:59,905 - voting - INFO - Response sent
2017-09-03 21:50:01,441 - voting - INFO - A record was successfully added: {'username': 'Mrs.Lam', 'value': 2}
2017-09-03 21:50:01,444 - voting - INFO - Response sent
2017-09-03 21:50:02,863 - voting - INFO - A record was successfully added: {'username': 'Mrs.Lam', 'value': 2}
2017-09-03 21:50:02,866 - voting - INFO - Response sent
2017-09-03 21:50:04,982 - voting - INFO - A record was successfully added: {'username': 'Mrs.Lam', 'value': 2}
2017-09-03 21:50:04,986 - voting - INFO - Response sent
2017-09-03 21:50:06,380 - voting - INFO - A record was successfully added: {'username': 'Mrs.Lam', 'value': 2}
2017-09-03 21:50:06,385 - voting - INFO - Response sent
2017-09-03 21:50:15,056 - voting - INFO - A record was successfully added: {'username': 'Mr.Judge', 'value': 3}
2017-09-03 21:50:15,061 - voting - INFO - Response sent
2017-09-03 21:50:16,431 - voting - INFO - A record was successfully added: {'username': 'Mr.Judge', 'value': 3}
2017-09-03 21:50:16,435 - voting - INFO - Response sent
2017-09-03 21:50:17,788 - voting - INFO - A record was successfully added: {'username': 'Mr.Judge', 'value': 3}
2017-09-03 21:50:17,795 - voting - INFO - Response sent
2017-09-03 21:50:19,034 - voting - INFO - A record was successfully added: {'username': 'Mr.Judge', 'value': 3}
2017-09-03 21:50:19,036 - voting - INFO - Response sent
2017-09-03 21:50:20,331 - voting - INFO - A record was successfully added: {'username': 'Mr.Judge', 'value': 3}
2017-09-03 21:50:20,334 - voting - INFO - Response sent
2017-09-03 21:50:21,671 - voting - INFO - A record was successfully added: {'username': 'Mr.Judge', 'value': 3}
2017-09-03 21:50:21,674 - voting - INFO - Response sent
2017-09-03 21:50:22,992 - voting - INFO - A record was successfully added: {'username': 'Mr.Judge', 'value': 3}
2017-09-03 21:50:22,995 - voting - INFO - Response sent
2017-09-03 21:50:25,558 - voting - INFO - A record was successfully added: {'username': 'Mr.Potato', 'value': 1}
2017-09-03 21:50:25,560 - voting - INFO - Response sent
2017-09-03 21:50:27,337 - voting - INFO - A record was successfully added: {'username': 'Mr.Potato', 'value': 1}
2017-09-03 21:50:27,340 - voting - INFO - Response sent
2017-09-03 21:50:29,506 - voting - INFO - A record was successfully added: {'username': 'Mrs.Lam', 'value': 2}
2017-09-03 21:50:29,509 - voting - INFO - Response sent
2017-09-03 21:50:31,124 - voting - INFO - A record was successfully added: {'username': 'Mrs.Lam', 'value': 2}
2017-09-03 21:50:31,127 - voting - INFO - Response sent
2017-09-03 21:50:32,705 - voting - INFO - A record was successfully added: {'username': 'Mrs.Lam', 'value': 2}
2017-09-03 21:50:32,710 - voting - INFO - Response sent
2017-09-03 21:50:34,214 - voting - INFO - A record was successfully added: {'username': 'Mrs.Lam', 'value': 2}
2017-09-03 21:50:34,218 - voting - INFO - Response sent
2017-09-03 21:50:35,833 - voting - INFO - A record was successfully added: {'username': 'Mrs.Lam', 'value': 2}
2017-09-03 21:50:35,835 - voting - INFO - Response sent
2017-09-03 21:50:38,727 - voting - INFO - A record was successfully added: {'username': 'Mrs.Lam', 'value': 2}
2017-09-03 21:50:38,731 - voting - INFO - Response sent
2017-09-03 21:50:39,951 - voting - INFO - A record was successfully added: {'username': 'Mrs.Lam', 'value': 2}
2017-09-03 21:50:39,955 - voting - INFO - Response sent
2017-09-03 21:50:41,471 - voting - INFO - A record was successfully added: {'username': 'Mrs.Lam', 'value': 2}
2017-09-03 21:50:41,474 - voting - INFO - Response sent
2017-09-03 21:50:42,859 - voting - INFO - A record was successfully added: {'username': 'Mrs.Lam', 'value': 2}
2017-09-03 21:50:42,861 - voting - INFO - Response sent
2017-09-03 21:50:44,322 - voting - INFO - A record was successfully added: {'username': 'Mrs.Lam', 'value': 2}
2017-09-03 21:50:44,325 - voting - INFO - Response sent
2017-09-03 21:50:45,665 - voting - INFO - A record was successfully added: {'username': 'Mrs.Lam', 'value': 2}
2017-09-03 21:50:45,669 - voting - INFO - Response sent
2017-09-03 21:50:46,933 - voting - INFO - A record was successfully added: {'username': 'Mrs.Lam', 'value': 2}
2017-09-03 21:50:46,935 - voting - INFO - Response sent
2017-09-03 21:50:48,200 - voting - INFO - A record was successfully added: {'username': 'Mrs.Lam', 'value': 2}
2017-09-03 21:50:48,202 - voting - INFO - Response sent
2017-09-03 21:50:49,682 - voting - INFO - A record was successfully added: {'username': 'Mr.Potato', 'value': 1}
2017-09-03 21:50:49,686 - voting - INFO - Response sent
2017-09-03 21:50:51,102 - voting - INFO - A record was successfully added: {'username': 'Mr.Potato', 'value': 1}
2017-09-03 21:50:51,104 - voting - INFO - Response sent
2017-09-03 21:50:52,874 - voting - INFO - A record was successfully added: {'username': 'Mr.Potato', 'value': 1}
2017-09-03 21:50:52,878 - voting - INFO - Response sent
2017-09-03 21:50:54,374 - voting - INFO - A record was successfully added: {'username': 'Mr.Potato', 'value': 1}
2017-09-03 21:50:54,377 - voting - INFO - Response sent
2017-09-03 21:50:55,894 - voting - INFO - A record was successfully added: {'username': 'Mr.Potato', 'value': 1}
2017-09-03 21:50:55,896 - voting - INFO - Response sent
2017-09-03 21:50:57,313 - voting - INFO - A record was successfully added: {'username': 'Mr.Potato', 'value': 1}
2017-09-03 21:50:57,318 - voting - INFO - Response sent
2017-09-03 21:50:59,348 - voting - INFO - A record was successfully added: {'username': 'Mr.Potato', 'value': 1}
2017-09-03 21:50:59,354 - voting - INFO - Response sent
2017-09-03 21:51:41,596 - voting - INFO - A record was successfully added: {'username': 'Mrs.Lam', 'value': 2}
2017-09-03 21:51:41,603 - voting - INFO - Response sent
2017-09-03 21:52:38,352 - voting - INFO - A record was successfully added: {'username': 'Mr.Potato', 'value': 1}
2017-09-03 21:52:38,361 - voting - INFO - Response sent
2017-09-03 21:53:40,092 - voting - INFO - A record was successfully added: {'username': 'Mrs.Lam', 'value': 2}
2017-09-03 21:53:40,116 - voting - INFO - Response sent
2017-09-04 11:13:45,132 - voting - INFO - A record was successfully added: {'username': 'Mrs.Lam', 'value': 2}
2017-09-04 11:13:45,142 - voting - INFO - Response sent
2017-09-04 11:13:48,805 - voting - INFO - A record was successfully added: {'username': 'Mr.Judge', 'value': 3}
2017-09-04 11:13:48,808 - voting - INFO - Response sent
2017-09-04 11:13:50,461 - voting - INFO - A record was successfully added: {'username': 'Mr.Potato', 'value': 1}
2017-09-04 11:13:50,465 - voting - INFO - Response sent
2017-09-04 11:13:52,646 - voting - INFO - A record was successfully added: {'username': 'Mrs.Lam', 'value': 2}
2017-09-04 11:13:52,648 - voting - INFO - Response sent
2017-09-04 11:13:54,408 - voting - INFO - A record was successfully added: {'username': 'Mrs.Lam', 'value': 2}
2017-09-04 11:13:54,410 - voting - INFO - Response sent
2017-09-04 11:14:40,059 - voting - INFO - A record was successfully added: {'username': 'Mrs.Lam', 'value': 2}
2017-09-04 11:14:40,061 - voting - INFO - Response sent
2017-09-04 11:15:39,200 - voting - INFO - A record was successfully added: {'username': 'Mrs.Lam', 'value': 2}
2017-09-04 11:15:39,210 - voting - INFO - Response sent
2017-09-04 11:15:41,428 - voting - INFO - A record was successfully added: {'username': 'Mrs.Lam', 'value': 2}
2017-09-04 11:15:41,431 - voting - INFO - Response sent
2017-09-04 11:15:44,777 - voting - INFO - A record was successfully added: {'username': 'Mrs.Lam', 'value': 2}
2017-09-04 11:15:44,780 - voting - INFO - Response sent
2017-09-04 11:15:46,802 - voting - INFO - A record was successfully added: {'username': 'Mrs.Lam', 'value': 2}
2017-09-04 11:15:46,805 - voting - INFO - Response sent
2017-09-04 11:16:24,634 - voting - INFO - A record was successfully added: {'username': 'Mrs.Lam', 'value': 2}
2017-09-04 11:16:24,641 - voting - INFO - Response sent
2017-09-04 11:16:35,707 - voting - INFO - A record was successfully added: {'username': 'Mr.Potato', 'value': 1}
2017-09-04 11:16:35,710 - voting - INFO - Response sent
2017-09-04 21:00:41,887 - voting - INFO - A record was successfully added: {'username': 'Mrs.Lam', 'value': 2}
2017-09-04 21:00:41,904 - voting - INFO - Response sent
2017-09-04 21:02:21,343 - voting - INFO - A record was successfully added: {'username': 'Mr.Potato', 'value': 1}
2017-09-04 21:02:21,358 - voting - INFO - Response sent
2017-09-04 21:04:43,816 - voting - INFO - A record was successfully added: {'username': 'Mr.Potato', 'value': 1}
2017-09-04 21:04:43,819 - voting - INFO - Response sent
2017-09-04 21:05:12,888 - voting - INFO - A record was successfully added: {'username': 'Mr.Potato', 'value': 1}
2017-09-04 21:05:12,894 - voting - INFO - Response sent
2017-09-04 21:19:31,544 - voting - INFO - A record was successfully added: {'username': 'Mrs.Lam', 'value': 2}
2017-09-04 21:19:31,559 - voting - INFO - POST Response sent
2017-09-04 21:19:37,606 - voting - INFO - A record was successfully added: {'username': 'Mrs.Lam', 'value': 2}
2017-09-04 21:19:37,609 - voting - INFO - POST Response sent
2017-09-04 21:19:39,997 - voting - INFO - A record was successfully added: {'username': 'Mrs.Lam', 'value': 2}
2017-09-04 21:19:40,004 - voting - INFO - POST Response sent
2017-09-04 21:19:42,117 - voting - INFO - A record was successfully added: {'username': 'Mrs.Lam', 'value': 2}
2017-09-04 21:19:42,123 - voting - INFO - POST Response sent
2017-09-04 21:19:44,514 - voting - INFO - A record was successfully added: {'username': 'Mrs.Lam', 'value': 2}
2017-09-04 21:19:44,516 - voting - INFO - POST Response sent
2017-09-04 21:19:46,352 - voting - INFO - A record was successfully added: {'username': 'Mr.Judge', 'value': 3}
2017-09-04 21:19:46,356 - voting - INFO - POST Response sent
2017-09-04 21:19:49,092 - voting - INFO - A record was successfully added: {'username': 'Mr.Potato', 'value': 1}
2017-09-04 21:19:49,099 - voting - INFO - POST Response sent
2017-09-04 21:19:50,525 - voting - INFO - A record was successfully added: {'username': 'Mr.Potato', 'value': 1}
2017-09-04 21:19:50,530 - voting - INFO - POST Response sent
2017-09-04 21:19:52,039 - voting - INFO - A record was successfully added: {'username': 'Mr.Potato', 'value': 1}
2017-09-04 21:19:52,046 - voting - INFO - POST Response sent
2017-09-04 21:19:53,736 - voting - INFO - A record was successfully added: {'username': 'Mr.Potato', 'value': 1}
2017-09-04 21:19:53,739 - voting - INFO - POST Response sent
2017-09-04 21:19:55,266 - voting - INFO - A record was successfully added: {'username': 'Mr.Potato', 'value': 1}
2017-09-04 21:19:55,269 - voting - INFO - POST Response sent
2017-09-04 21:19:56,771 - voting - INFO - A record was successfully added: {'username': 'Mrs.Lam', 'value': 2}
2017-09-04 21:19:56,773 - voting - INFO - POST Response sent
2017-09-04 21:19:58,143 - voting - INFO - A record was successfully added: {'username': 'Mr.Judge', 'value': 3}
2017-09-04 21:19:58,146 - voting - INFO - POST Response sent
2017-09-04 21:19:59,840 - voting - INFO - A record was successfully added: {'username': 'Mrs.Lam', 'value': 2}
2017-09-04 21:19:59,843 - voting - INFO - POST Response sent
2017-09-04 21:20:01,515 - voting - INFO - A record was successfully added: {'username': 'Mrs.Lam', 'value': 2}
2017-09-04 21:20:01,519 - voting - INFO - POST Response sent
2017-09-04 21:20:03,351 - voting - INFO - A record was successfully added: {'username': 'Mrs.Lam', 'value': 2}
2017-09-04 21:20:03,355 - voting - INFO - POST Response sent
2017-09-04 21:20:04,975 - voting - INFO - A record was successfully added: {'username': 'Mr.Potato', 'value': 1}
2017-09-04 21:20:04,980 - voting - INFO - POST Response sent
2017-09-04 21:20:07,282 - voting - INFO - A record was successfully added: {'username': 'Mrs.Lam', 'value': 2}
2017-09-04 21:20:07,285 - voting - INFO - POST Response sent
2017-09-04 21:20:11,110 - voting - INFO - A record was successfully added: {'username': 'Mrs.Lam', 'value': 2}
2017-09-04 21:20:11,115 - voting - INFO - POST Response sent
2017-09-04 21:20:13,504 - voting - INFO - A record was successfully added: {'username': 'Mrs.Lam', 'value': 2}
2017-09-04 21:20:13,507 - voting - INFO - POST Response sent
2017-09-04 21:21:05,425 - voting - INFO - A record was successfully added: {'username': 'Mrs.Lam', 'value': 2}
2017-09-04 21:21:05,438 - voting - INFO - POST Response sent
2017-09-04 21:21:10,311 - voting - INFO - GET Response sent
2017-09-04 21:21:12,035 - voting - INFO - GET Response sent
2017-09-04 21:21:13,900 - voting - INFO - GET Response sent
2017-09-04 21:21:17,330 - voting - INFO - GET Response sent
2017-09-04 21:21:20,804 - voting - INFO - GET Response sent
2017-09-04 21:21:23,353 - voting - INFO - A record was successfully added: {'username': 'Mrs.Lam', 'value': 2}
2017-09-04 21:21:23,356 - voting - INFO - POST Response sent
2017-09-04 22:03:08,079 - voting - INFO - GET Response sent
2017-09-04 22:03:13,119 - voting - INFO - A record was successfully added: {'username': 'Mrs.Lam', 'value': 2}
2017-09-04 22:03:13,124 - voting - INFO - POST Response sent
2017-09-04 22:08:19,583 - voting - INFO - A record was successfully added: {'username': 'Mr.Potato', 'value': 1}
2017-09-04 22:08:19,593 - voting - INFO - POST Response sent
2017-09-04 22:09:02,466 - voting - INFO - GET Response sent
2017-09-04 22:09:33,074 - voting - INFO - GET Response sent
2017-09-04 22:10:11,684 - voting - INFO - GET Response sent
2017-09-04 22:10:21,637 - voting - INFO - GET Response sent
2017-09-04 22:11:09,918 - voting - INFO - GET Response sent
2017-09-04 22:14:35,969 - voting - INFO - GET Response sent
2017-09-04 22:15:05,700 - voting - INFO - GET Response sent
2017-09-04 22:15:37,666 - voting - INFO - GET Response sent
2017-09-04 22:15:49,227 - voting - INFO - GET Response sent
2017-09-04 22:15:56,730 - voting - INFO - GET Response sent
2017-09-04 22:16:21,647 - voting - INFO - GET Response sent
2017-09-04 22:17:02,796 - voting - INFO - GET Response sent
2017-09-04 22:17:10,213 - voting - INFO - GET Response sent
2017-09-04 22:17:22,139 - voting - INFO - GET Response sent
2017-09-04 22:17:37,089 - voting - INFO - GET Response sent
2017-09-04 22:17:56,295 - voting - INFO - GET Response sent
2017-09-04 22:18:02,351 - voting - INFO - A record was successfully added: {'username': 'Mr.Judge', 'value': 3}
2017-09-04 22:18:02,356 - voting - INFO - POST Response sent
2017-09-04 22:23:30,480 - voting - INFO - A record was successfully added: {'username': 'Mrs.Lam', 'value': 2}
2017-09-04 22:23:30,494 - voting - INFO - POST Response sent
2017-09-04 22:23:35,533 - voting - INFO - A record was successfully added: {'username': 'Mr.Potato', 'value': 1}
2017-09-04 22:23:35,536 - voting - INFO - POST Response sent
2017-09-04 22:23:38,121 - voting - INFO - A record was successfully added: {'username': 'Mr.Potato', 'value': 1}
2017-09-04 22:23:38,124 - voting - INFO - POST Response sent
2017-09-04 22:23:40,598 - voting - INFO - A record was successfully added: {'username': 'Mr.Judge', 'value': 3}
2017-09-04 22:23:40,603 - voting - INFO - POST Response sent
2017-09-04 22:23:42,808 - voting - INFO - A record was successfully added: {'username': 'Mrs.Lam', 'value': 2}
2017-09-04 22:23:42,814 - voting - INFO - POST Response sent
2017-09-04 22:23:45,185 - voting - INFO - A record was successfully added: {'username': 'Mrs.Lam', 'value': 2}
2017-09-04 22:23:45,187 - voting - INFO - POST Response sent
2017-09-04 22:23:47,744 - voting - INFO - A record was successfully added: {'username': 'Mrs.Lam', 'value': 2}
2017-09-04 22:23:47,750 - voting - INFO - POST Response sent
2017-09-04 22:23:50,340 - voting - INFO - A record was successfully added: {'username': 'Mrs.Lam', 'value': 2}
2017-09-04 22:23:50,342 - voting - INFO - POST Response sent
2017-09-04 22:23:52,213 - voting - INFO - GET Response sent
2017-09-04 22:23:53,257 - voting - INFO - GET Response sent
2017-09-04 22:23:54,225 - voting - INFO - GET Response sent
2017-09-04 22:23:55,379 - voting - INFO - GET Response sent
2017-09-04 22:23:56,343 - voting - INFO - GET Response sent
2017-09-04 22:23:57,327 - voting - INFO - GET Response sent
2017-09-04 22:23:58,240 - voting - INFO - GET Response sent
2017-09-04 22:24:00,443 - voting - INFO - A record was successfully added: {'username': 'Mr.Potato', 'value': 1}
2017-09-04 22:24:00,446 - voting - INFO - POST Response sent
2017-09-04 22:24:01,465 - voting - INFO - GET Response sent
2017-09-04 22:50:59,632 - voting - INFO - A record was successfully added: {'username': 'Mrs.Lam', 'value': 2}
2017-09-04 22:50:59,648 - voting - INFO - POST Response sent
2017-09-04 22:51:05,874 - voting - INFO - A record was successfully added: {'username': 'Mrs.Lam', 'value': 2}
2017-09-04 22:51:05,879 - voting - INFO - POST Response sent
2017-09-04 22:51:15,843 - voting - INFO - A record was successfully added: {'username': 'Mrs.Lam', 'value': 2}
2017-09-04 22:51:15,850 - voting - INFO - POST Response sent
2017-09-04 22:51:20,030 - voting - INFO - A record was successfully added: {'username': 'Mrs.Lam', 'value': 2}
2017-09-04 22:51:20,035 - voting - INFO - POST Response sent
2017-09-04 22:51:23,592 - voting - INFO - A record was successfully added: {'username': 'Mr.Judge', 'value': 3}
2017-09-04 22:51:23,595 - voting - INFO - POST Response sent
2017-09-04 22:51:25,746 - voting - INFO - A record was successfully added: {'username': 'Mr.Judge', 'value': 3}
2017-09-04 22:51:25,752 - voting - INFO - POST Response sent
2017-09-04 22:51:31,679 - voting - INFO - A record was successfully added: {'username': 'Mr.Potato', 'value': 1}
2017-09-04 22:51:31,682 - voting - INFO - POST Response sent
2017-09-04 22:51:38,218 - voting - INFO - A record was successfully added: {'username': 'Mr.Potato', 'value': 1}
2017-09-04 22:51:38,222 - voting - INFO - POST Response sent
2017-09-04 22:56:47,809 - voting - INFO - GET Response sent
2017-09-04 22:56:50,974 - voting - INFO - A record was successfully added: {'username': 'Mrs.Lam', 'value': 2}
2017-09-04 22:56:50,977 - voting - INFO - POST Response sent
2017-09-04 22:56:54,325 - voting - INFO - A record was successfully added: {'username': 'Mr.Judge', 'value': 3}
2017-09-04 22:56:54,331 - voting - INFO - POST Response sent
2017-09-04 22:57:02,220 - voting - INFO - A record was successfully added: {'username': 'Mr.Potato', 'value': 1}
2017-09-04 22:57:02,223 - voting - INFO - POST Response sent
2017-09-04 22:57:03,988 - voting - INFO - A record was successfully added: {'username': 'Mr.Potato', 'value': 1}
2017-09-04 22:57:03,992 - voting - INFO - POST Response sent
2017-09-04 22:57:06,906 - voting - INFO - A record was successfully added: {'username': 'Mr.Potato', 'value': 1}
2017-09-04 22:57:06,911 - voting - INFO - POST Response sent
2017-09-04 23:11:31,772 - voting - INFO - A record was successfully added: {'username': 'Mr.Potato', 'value': 1}
2017-09-04 23:12:30,914 - voting - INFO - GET Response sent
2017-09-04 23:12:33,622 - voting - INFO - A record was successfully added: {'username': 'Mr.Judge', 'value': 3}
2017-09-04 23:12:33,631 - voting - INFO - POST Response sent
2017-09-04 23:13:16,433 - voting - INFO - A record was successfully added: {'username': 'Mr.Judge', 'value': 3}
2017-09-04 23:13:16,447 - voting - INFO - POST Response sent
2017-09-04 23:13:54,779 - voting - INFO - A record was successfully added: {'username': 'Mr.Judge', 'value': 3}
2017-09-04 23:13:54,790 - voting - INFO - POST Response sent
2017-09-04 23:14:39,493 - voting - INFO - A record was successfully added: {'username': 'Mr.Judge', 'value': 3}
2017-09-04 23:15:59,061 - voting - INFO - A record was successfully added: {'username': 'Mrs.Lam', 'value': 2}
2017-09-04 23:15:59,073 - voting - INFO - POST Response sent
2017-09-04 23:16:30,431 - voting - INFO - A record was successfully added: {'username': 'Mr.Judge', 'value': 3}
2017-09-04 23:16:30,454 - voting - INFO - POST Response sent
2017-09-04 23:16:41,871 - voting - INFO - A record was successfully added: {'username': 'Mrs.Lam', 'value': 2}
2017-09-04 23:16:41,877 - voting - INFO - POST Response sent
2017-09-04 23:16:44,013 - voting - INFO - A record was successfully added: {'username': 'Mr.Potato', 'value': 1}
2017-09-04 23:16:44,015 - voting - INFO - POST Response sent
2017-09-04 23:16:45,785 - voting - INFO - A record was successfully added: {'username': 'Mr.Potato', 'value': 1}
2017-09-04 23:16:45,788 - voting - INFO - POST Response sent
2017-09-04 23:16:52,155 - voting - INFO - GET Response sent
2017-09-04 23:16:57,141 - voting - INFO - A record was successfully added: {'username': 'Mr.Potato', 'value': 1}
2017-09-04 23:16:57,145 - voting - INFO - POST Response sent
2017-09-04 23:17:04,963 - voting - INFO - A record was successfully added: {'username': 'Mr.Potato', 'value': 1}
2017-09-04 23:17:04,971 - voting - INFO - POST Response sent
2017-09-04 23:17:55,924 - voting - INFO - A record was successfully added: {'username': 'Mr.Judge', 'value': 3}
2017-09-04 23:17:55,935 - voting - INFO - POST Response sent
2017-09-04 23:18:02,462 - voting - INFO - A record was successfully added: {'username': 'Mr.Judge', 'value': 3}
2017-09-04 23:18:02,466 - voting - INFO - POST Response sent
2017-09-04 23:18:06,274 - voting - INFO - A record was successfully added: {'username': 'Mr.Judge', 'value': 3}
2017-09-04 23:18:06,281 - voting - INFO - POST Response sent
2017-09-04 23:19:25,851 - voting - INFO - A record was successfully added: {'username': 'Mr.Judge', 'value': 3}
2017-09-04 23:19:25,864 - voting - INFO - POST Response sent
2017-09-04 23:20:17,711 - voting - INFO - A record was successfully added: {'username': 'Mrs.Lam', 'value': 2}
2017-09-04 23:20:17,723 - voting - INFO - POST Response sent
2017-09-04 23:20:33,831 - voting - INFO - A record was successfully added: {'username': 'Mr.Potato', 'value': 1}
2017-09-04 23:20:33,834 - voting - INFO - POST Response sent
2017-09-04 23:20:39,816 - voting - INFO - GET Response sent
